<?xml version="1.0" encoding="UTF-8"?>
<!-- Generated by org.testng.reporters.JUnitReportReporter -->
<testsuite skipped="0" hostname="Nikhil" name="com.hub.testcases.TestCaseseWithoutFrameWork" tests="1" failures="0" timestamp="13 Jun 2020 06:16:23 GMT" time="35.350" errors="0">
  <testcase name="test1" time="35.350" classname="com.hub.testcases.TestCaseseWithoutFrameWork"/>
</testsuite> <!-- com.hub.testcases.TestCaseseWithoutFrameWork -->
