<?xml version="1.0" encoding="UTF-8"?>
<!-- Generated by org.testng.reporters.JUnitReportReporter -->
<testsuite skipped="0" hostname="Nikhil" name="com.hub.testcases.LoginTestCRM" tests="1" failures="0" timestamp="13 Jun 2020 07:13:58 GMT" time="2.574" errors="0">
  <testcase name="loginApp" time="2.574" classname="com.hub.testcases.LoginTestCRM"/>
</testsuite> <!-- com.hub.testcases.LoginTestCRM -->
